<?xml version="1.0" encoding="UTF-8"?>
<!-- Generated by org.testng.reporters.JUnitReportReporter -->
<testsuite hostname="MoreVasanthKumar" failures="0" tests="1" name="exercise2GivenByGurusir.QuestionNo30" time="0.014" errors="0" timestamp="2023-09-13T14:53:48 IST" skipped="0">
  <testcase classname="exercise2GivenByGurusir.QuestionNo30" name="m1" time="0.014"/>
</testsuite> <!-- exercise2GivenByGurusir.QuestionNo30 -->
