<?xml version="1.0" encoding="UTF-8"?>
<!-- Generated by org.testng.reporters.JUnitReportReporter -->
<testsuite hostname="MoreVasanthKumar" failures="0" tests="1" name="org.exercise.ElasticKibana.PostRequest" time="4.040" errors="0" timestamp="2024-01-19T11:43:08 IST" skipped="0">
  <testcase classname="org.exercise.ElasticKibana.PostRequest" name="createRecord" time="4.040"/>
</testsuite> <!-- org.exercise.ElasticKibana.PostRequest -->
