<?xml version="1.0" encoding="UTF-8"?>
<!-- Generated by org.testng.reporters.JUnitReportReporter -->
<testsuite hostname="MoreVasanthKumar" failures="0" tests="3" name="org.exercise.dataprovider.latest.DataProviderTest" time="0.037" errors="0" timestamp="2023-08-14T12:52:16 IST" skipped="0">
  <testcase classname="org.exercise.dataprovider.latest.DataProviderTest" name="test1" time="0.004"/>
  <testcase classname="org.exercise.dataprovider.latest.DataProviderTest" name="test1" time="0.020"/>
  <testcase classname="org.exercise.dataprovider.latest.DataProviderTest" name="test1" time="0.013"/>
</testsuite> <!-- org.exercise.dataprovider.latest.DataProviderTest -->
