<?xml version="1.0" encoding="UTF-8"?>
<!-- Generated by org.testng.reporters.JUnitReportReporter -->
<testsuite hostname="MoreVasanthKumar" failures="0" tests="2" name="org.sap.tests.LoginPageTests" time="30.268" errors="0" timestamp="2023-07-25T10:28:36 IST" skipped="0">
  <testcase classname="org.sap.tests.LoginPageTests" name="test2" time="13.349"/>
  <testcase classname="org.sap.tests.LoginPageTests" name="test1" time="16.919"/>
</testsuite> <!-- org.sap.tests.LoginPageTests -->
