<?xml version="1.0" encoding="UTF-8"?>
<!-- Generated by org.testng.reporters.JUnitReportReporter -->
<testsuite hostname="MoreVasanthKumar" failures="0" tests="3" name="org.sap.tests.OrangeHrmTests" time="51.280" errors="0" timestamp="2023-08-22T18:23:20 IST" skipped="1">
  <testcase classname="org.sap.tests.OrangeHrmTests" name="loginLogoutTest1" time="22.455"/>
  <testcase classname="org.sap.tests.OrangeHrmTests" name="loginLogoutTest1" time="28.825"/>
  <testcase classname="org.sap.tests.OrangeHrmTests" name="test1">
    <skipped/>
  </testcase> <!-- test1 -->
</testsuite> <!-- org.sap.tests.OrangeHrmTests -->
