<?xml version="1.0" encoding="UTF-8"?>
<!-- Generated by org.testng.reporters.JUnitReportReporter -->
<testsuite hostname="MoreVasanthKumar" failures="0" tests="1" name="org.exercise.docker.ExecuteTestsInDocker" time="29.770" errors="0" timestamp="2024-01-18T11:54:02 IST" skipped="0">
  <testcase classname="org.exercise.docker.ExecuteTestsInDocker" name="localTest1" time="29.770"/>
</testsuite> <!-- org.exercise.docker.ExecuteTestsInDocker -->
