<?xml version="1.0" encoding="UTF-8"?>
<!-- Generated by org.testng.reporters.JUnitReportReporter -->
<testsuite hostname="MoreVasanthKumar" failures="0" tests="1" name="exercise2GivenByGurusir.QuestionNo25" time="0.022" errors="0" timestamp="2023-09-13T15:15:31 IST" skipped="0">
  <testcase classname="exercise2GivenByGurusir.QuestionNo25" name="m1" time="0.022"/>
</testsuite> <!-- exercise2GivenByGurusir.QuestionNo25 -->
