<?xml version="1.0" encoding="UTF-8"?>
<!-- Generated by org.testng.reporters.JUnitReportReporter -->
<testsuite hostname="MoreVasanthKumar" failures="0" tests="1" name="org.exercise.extent.reports.ExtentReportDemo" time="2.351" errors="0" timestamp="2023-08-03T12:36:26 IST" skipped="0">
  <testcase classname="org.exercise.extent.reports.ExtentReportDemo" name="test1" time="2.351"/>
</testsuite> <!-- org.exercise.extent.reports.ExtentReportDemo -->
