<?xml version="1.0" encoding="UTF-8"?>
<!-- Generated by org.testng.reporters.JUnitReportReporter -->
<testsuite hostname="MoreVasanthKumar" failures="0" tests="1" name="org.exercise.docker.MyTest" time="14.933" errors="0" timestamp="2024-01-18T12:08:20 IST" skipped="0">
  <testcase classname="org.exercise.docker.MyTest" name="main" time="14.933"/>
</testsuite> <!-- org.exercise.docker.MyTest -->
